<?xml version="1.0"?>
<testsuite name="Chrome 60.0.3112 (Mac OS X 10.12.5)" package="" timestamp="2017-08-18T14:17:58" id="0" hostname="users-MacBook-Pro-2.local" tests="16" errors="0" failures="3" time="0.167">
  <properties>
    <property name="browser.fullName" value="Mozilla/5.0 (Macintosh; Intel Mac OS X 10_12_5) AppleWebKit/537.36 (KHTML, like Gecko) Chrome/60.0.3112.101 Safari/537.36"/>
  </properties>
  <testcase name="The musingsApp module exists" time="0.005" classname="The musingsApp module"/>
  <testcase name="The musingsController exists" time="0.016" classname="The musingsController"/>
  <testcase name="The musingsController has a property `musings` that holds the return of `musings.all()`" time="0.017" classname="The musingsController"/>
  <testcase name="The musingsController has a property `newMusing` that exists" time="0.005" classname="The musingsController"/>
  <testcase name="The musingsController has a property `newMusing` that is an object with properties `title`, `content`, and `author` that are initially empty stings" time="0.004" classname="The musingsController"/>
  <testcase name="The musingsController has a method `createMusing` that will create a new musing in the musings service based on the value of the `newMusing` property" time="0.011" classname="The musingsController">
    <failure type="">TypeError: ctrl.createMusing is not a function
    at UserContext.&lt;anonymous&gt; (test/unit/musingsControllerSpec.js:38:10)
</failure>
  </testcase>
  <testcase name="The musingsController has a method `removeMusing` that takes an index and calls `musings.remove` with that index" time="0.01" classname="The musingsController">
    <failure type="">TypeError: ctrl.removeMusing is not a function
    at UserContext.&lt;anonymous&gt; (test/unit/musingsControllerSpec.js:49:10)
</failure>
  </testcase>
  <testcase name="The musings service exists" time="0.02" classname="The musings service"/>
  <testcase name="The musings service has a method &quot;.all&quot; that is a function" time="0.008" classname="The musings service"/>
  <testcase name="The musings service has a method &quot;.all&quot; that returns an array" time="0.004" classname="The musings service"/>
  <testcase name="The musings service has a method &quot;.all&quot; that returns an array with a length greater than 2" time="0.017" classname="The musings service"/>
  <testcase name="The musings service has a method &quot;.all&quot; that returns an array where each element is an object with properties &quot;title&quot;, &quot;content&quot;, and &quot;author&quot;" time="0.005" classname="The musings service"/>
  <testcase name="The musings service has a method &quot;.create&quot; that is a function" time="0.013" classname="The musings service"/>
  <testcase name="The musings service has a method &quot;.create&quot; that takes an object and adds it to the array" time="0.011" classname="The musings service"/>
  <testcase name="The musings service has a method &quot;.remove&quot; that is a function" time="0.013" classname="The musings service"/>
  <testcase name="The musings service has a method &quot;.remove&quot; that takes an index and deletes the musing at that index of the musings array" time="0.008" classname="The musings service">
    <failure type="">Expected 3 to be 2.
    at UserContext.&lt;anonymous&gt; (test/unit/musingsServiceSpec.js:64:34)
</failure>
    <failure type="">Expected [ Object({ title: '', content: '', author: '' }), undefined, Object({ title: '', content: '', author: '' }) ] not to contain Object({ title: '', content: '', author: '' }).
    at UserContext.&lt;anonymous&gt; (test/unit/musingsServiceSpec.js:65:31)
</failure>
  </testcase>
  <system-out>
    <![CDATA[
]]>
  </system-out>
  <system-err/>
</testsuite>